<?xml version="1.0" encoding="UTF-8"?>
<!-- Generated by org.testng.reporters.JUnitReportReporter -->
<testsuite hostname="LAPTOP-KFK3ABT0" failures="0" tests="2" name="com.ohrm.tests.LoginTest" time="10.720" errors="0" timestamp="14 Mar 2024 16:23:08 GMT">
  <testcase classname="com.ohrm.tests.LoginTest" name="loginTest_ValidInvalidCreds" time="7.060"/>
  <testcase classname="com.ohrm.tests.LoginTest" name="loginTest_ValidInvalidCreds" time="3.660"/>
</testsuite> <!-- com.ohrm.tests.LoginTest -->
