<?xml version="1.0" encoding="UTF-8"?>
<!-- Generated by org.testng.reporters.JUnitReportReporter -->
<testsuite hostname="LAPTOP-KFK3ABT0" failures="0" tests="1" name="com.ohrm.tests.LogoutTest" time="22.535" errors="0" timestamp="14 Mar 2024 16:23:08 GMT">
  <testcase classname="com.ohrm.tests.LogoutTest" name="logoutTest" time="22.535"/>
</testsuite> <!-- com.ohrm.tests.LogoutTest -->
